2026-03-20 11:28:13 [DEBUG]  - 31309
2026-03-20 11:28:13 [WARNING]  - 9779
2026-03-20 11:28:13 [CRITICAL]  - 20025
2026-03-20 11:28:13 [CRITICAL]  - 11759
2026-03-20 11:28:13 [WARNING]  - 31970
2026-03-20 11:28:13 [WARNING]  - 32200
2026-03-20 11:28:13 [CRITICAL]  - 19526
2026-03-20 11:28:13 [WARNING]  - 12162
2026-03-20 11:28:13 [CRITICAL]  - 18167
2026-03-20 11:28:13 [CRITICAL]  - 12140
2026-03-20 11:28:13 [ERROR] Out of memory - 26191
2026-03-20 11:28:13 [CRITICAL]  - 32142
2026-03-20 11:28:13 [DEBUG]  - 5997
2026-03-20 11:28:13 [DEBUG]  - 6736
2026-03-20 11:28:13 [ERROR] Disk full - 1721
2026-03-20 11:28:13 [ERROR] Failed to connect - 19543
2026-03-20 11:28:13 [INFO]  - 9540
2026-03-20 11:28:13 [DEBUG]  - 6868
2026-03-20 11:28:13 [CRITICAL]  - 16523
2026-03-20 11:28:13 [DEBUG]  - 11739
2026-03-20 11:28:13 [CRITICAL]  - 31739
2026-03-20 11:28:13 [WARNING]  - 252
2026-03-20 11:28:13 [INFO]  - 15018
2026-03-20 11:28:13 [ERROR] Segmentation fault - 21244
2026-03-20 11:28:13 [CRITICAL]  - 32016
2026-03-20 11:28:13 [CRITICAL]  - 9853
2026-03-20 11:28:13 [DEBUG]  - 22413
2026-03-20 11:28:13 [INFO]  - 26308
2026-03-20 11:28:13 [WARNING]  - 28006
2026-03-20 11:28:13 [INFO]  - 2213
2026-03-20 11:28:13 [WARNING]  - 8849
2026-03-20 11:28:13 [DEBUG]  - 27959
2026-03-20 11:28:13 [WARNING]  - 21930
2026-03-20 11:28:13 [INFO]  - 4965
2026-03-20 11:28:13 [WARNING]  - 19103
2026-03-20 11:28:13 [CRITICAL]  - 16405
2026-03-20 11:28:13 [WARNING]  - 8367
2026-03-20 11:28:13 [INFO]  - 14394
2026-03-20 11:28:13 [CRITICAL]  - 13281
2026-03-20 11:28:13 [CRITICAL]  - 10599
2026-03-20 11:28:13 [INFO]  - 30161
2026-03-20 11:28:13 [ERROR] Disk full - 14041
2026-03-20 11:28:13 [CRITICAL]  - 15030
2026-03-20 11:28:13 [INFO]  - 26028
2026-03-20 11:28:13 [INFO]  - 23721
2026-03-20 11:28:13 [ERROR] Segmentation fault - 6382
2026-03-20 11:28:13 [DEBUG]  - 14835
2026-03-20 11:28:13 [ERROR] Out of memory - 20260
2026-03-20 11:28:13 [CRITICAL]  - 18315
2026-03-20 11:28:13 [WARNING]  - 1935
2026-03-20 11:28:13 [ERROR] Invalid input - 26435
2026-03-20 11:28:13 [CRITICAL]  - 25348
2026-03-20 11:28:13 [ERROR] Disk full - 9672
2026-03-20 11:28:13 [WARNING]  - 14660
2026-03-20 11:28:13 [CRITICAL]  - 12815
2026-03-20 11:28:13 [WARNING]  - 27638
2026-03-20 11:28:13 [ERROR] Invalid input - 11167
2026-03-20 11:28:13 [WARNING]  - 29746
2026-03-20 11:28:13 [ERROR] Failed to connect - 29238
2026-03-20 11:28:13 [ERROR] Failed to connect - 31051
2026-03-20 11:28:13 [CRITICAL]  - 7455
2026-03-20 11:28:13 [ERROR] Out of memory - 30046
2026-03-20 11:28:13 [INFO]  - 11790
2026-03-20 11:28:13 [ERROR] Invalid input - 29913
2026-03-20 11:28:13 [CRITICAL]  - 23507
2026-03-20 11:28:13 [CRITICAL]  - 14212
2026-03-20 11:28:13 [ERROR] Out of memory - 235
2026-03-20 11:28:13 [CRITICAL]  - 2992
2026-03-20 11:28:13 [ERROR] Out of memory - 25007
2026-03-20 11:28:13 [DEBUG]  - 3810
2026-03-20 11:28:13 [CRITICAL]  - 19805
2026-03-20 11:28:13 [DEBUG]  - 31614
2026-03-20 11:28:13 [DEBUG]  - 31006
2026-03-20 11:28:13 [INFO]  - 6806
2026-03-20 11:28:13 [WARNING]  - 2430
2026-03-20 11:28:13 [INFO]  - 16880
2026-03-20 11:28:13 [ERROR] Segmentation fault - 30765
2026-03-20 11:28:13 [CRITICAL]  - 27704
2026-03-20 11:28:13 [DEBUG]  - 1393
2026-03-20 11:28:13 [DEBUG]  - 20797
2026-03-20 11:28:13 [INFO]  - 29728
2026-03-20 11:28:13 [ERROR] Out of memory - 22368
2026-03-20 11:28:13 [WARNING]  - 30267
2026-03-20 11:28:13 [CRITICAL]  - 21688
2026-03-20 11:28:13 [CRITICAL]  - 32145
2026-03-20 11:28:13 [INFO]  - 18224
2026-03-20 11:28:13 [INFO]  - 14091
2026-03-20 11:28:13 [CRITICAL]  - 31160
2026-03-20 11:28:13 [CRITICAL]  - 18659
2026-03-20 11:28:13 [CRITICAL]  - 6752
2026-03-20 11:28:13 [WARNING]  - 15667
2026-03-20 11:28:13 [ERROR] Invalid input - 14133
2026-03-20 11:28:13 [DEBUG]  - 4137
2026-03-20 11:28:13 [INFO]  - 14070
2026-03-20 11:28:13 [ERROR] Segmentation fault - 14723
2026-03-20 11:28:13 [CRITICAL]  - 15737
2026-03-20 11:28:13 [INFO]  - 15162
2026-03-20 11:28:13 [INFO]  - 29027
2026-03-20 11:28:13 [INFO]  - 7861
2026-03-20 11:28:13 [ERROR] Invalid input - 19022
2026-03-20 11:28:13 [CRITICAL]  - 8543
2026-03-20 11:28:13 [ERROR] Segmentation fault - 7115
2026-03-20 11:28:13 [ERROR] Disk full - 24097
2026-03-20 11:28:13 [INFO]  - 9211
2026-03-20 11:28:13 [DEBUG]  - 15548
2026-03-20 11:28:13 [DEBUG]  - 28918
2026-03-20 11:28:13 [ERROR] Failed to connect - 17766
2026-03-20 11:28:13 [CRITICAL]  - 5300
2026-03-20 11:28:13 [WARNING]  - 13130
2026-03-20 11:28:13 [ERROR] Invalid input - 8067
2026-03-20 11:28:13 [WARNING]  - 21362
2026-03-20 11:28:13 [INFO]  - 2818
2026-03-20 11:28:13 [ERROR] Invalid input - 28312
2026-03-20 11:28:13 [CRITICAL]  - 22494
2026-03-20 11:28:13 [ERROR] Out of memory - 30313
2026-03-20 11:28:13 [ERROR] Out of memory - 3377
2026-03-20 11:28:13 [DEBUG]  - 30121
2026-03-20 11:28:13 [CRITICAL]  - 11541
2026-03-20 11:28:13 [CRITICAL]  - 8501
2026-03-20 11:28:13 [ERROR] Invalid input - 14196
